<?xml version="1.0" encoding="UTF-8"?>
<testng-results ignored="0" total="1" passed="1" failed="0" skipped="0">
  <reporter-output>
  </reporter-output>
  <suite started-at="2023-06-15T19:12:20 EDT" name="All Test Suite" finished-at="2023-06-15T19:12:35 EDT" duration-ms="14973">
    <groups>
    </groups>
    <test started-at="2023-06-15T19:12:20 EDT" name="C:/Users/anoop/IdeaProjects/IndeedWebScrapping/src/test/java/indeed/ScrappingTest.java" finished-at="2023-06-15T19:12:35 EDT" duration-ms="14973">
      <class name="indeed.IndeedScrapping">
        <test-method is-config="true" signature="loadPropertiesFile()[pri:0, instance:indeed.IndeedScrapping@79924b]" started-at="2023-06-15T19:12:20 EDT" name="loadPropertiesFile" finished-at="2023-06-15T19:12:20 EDT" duration-ms="9" status="PASS">
          <reporter-output>
          </reporter-output>
        </test-method> <!-- loadPropertiesFile -->
        <test-method is-config="true" signature="setup()[pri:0, instance:indeed.IndeedScrapping@79924b]" started-at="2023-06-15T19:12:20 EDT" name="setup" finished-at="2023-06-15T19:12:24 EDT" duration-ms="3722" status="PASS">
          <reporter-output>
          </reporter-output>
        </test-method> <!-- setup -->
        <test-method signature="scrapeIndeed()[pri:0, instance:indeed.IndeedScrapping@79924b]" started-at="2023-06-15T19:12:24 EDT" name="scrapeIndeed" finished-at="2023-06-15T19:12:35 EDT" duration-ms="11130" status="PASS">
          <reporter-output>
          </reporter-output>
        </test-method> <!-- scrapeIndeed -->
        <test-method is-config="true" signature="tearDown()[pri:0, instance:indeed.IndeedScrapping@79924b]" started-at="2023-06-15T19:12:35 EDT" name="tearDown" finished-at="2023-06-15T19:12:35 EDT" duration-ms="99" status="PASS">
          <reporter-output>
          </reporter-output>
        </test-method> <!-- tearDown -->
      </class> <!-- indeed.IndeedScrapping -->
    </test> <!-- C:/Users/anoop/IdeaProjects/IndeedWebScrapping/src/test/java/indeed/ScrappingTest.java -->
  </suite> <!-- All Test Suite -->
</testng-results>
